E:\DESKTOP\RECORDWAV\RECORDWAV\DEBUG\RECORDWAV.PCH
E:\DESKTOP\RECORDWAV\RECORDWAV\DEBUG\STDAFX.OBJ
E:\DESKTOP\RECORDWAV\RECORDWAV\DEBUG\VC110.PDB
E:\DESKTOP\RECORDWAV\RECORDWAV\DEBUG\RECORDWAV.OBJ
E:\DESKTOP\RECORDWAV\RECORDWAV\DEBUG\RECORDWAVDLG.OBJ
E:\DESKTOP\RECORDWAV\DEBUG\RECORDWAV.ILK
E:\DESKTOP\RECORDWAV\DEBUG\RECORDWAV.EXE
E:\DESKTOP\RECORDWAV\DEBUG\RECORDWAV.PDB
E:\DESKTOP\RECORDWAV\RECORDWAV\DEBUG\RECORDWAV.RES
E:\Desktop\RecordWav\RecordWav\Debug\RecordWav.obj
E:\Desktop\RecordWav\RecordWav\Debug\RecordWavDlg.obj
E:\Desktop\RecordWav\RecordWav\Debug\stdafx.obj
E:\Desktop\RecordWav\RecordWav\Debug\cl.command.1.tlog
E:\Desktop\RecordWav\RecordWav\Debug\CL.read.1.tlog
E:\Desktop\RecordWav\RecordWav\Debug\CL.write.1.tlog
E:\Desktop\RecordWav\RecordWav\Debug\link-cvtres.read.1.tlog
E:\Desktop\RecordWav\RecordWav\Debug\link-cvtres.write.1.tlog
E:\Desktop\RecordWav\RecordWav\Debug\link-mt.read.1.tlog
E:\Desktop\RecordWav\RecordWav\Debug\link-mt.write.1.tlog
E:\Desktop\RecordWav\RecordWav\Debug\link-rc.read.1.tlog
E:\Desktop\RecordWav\RecordWav\Debug\link-rc.write.1.tlog
E:\Desktop\RecordWav\RecordWav\Debug\link.13460-cvtres.read.1.tlog
E:\Desktop\RecordWav\RecordWav\Debug\link.13460-cvtres.write.1.tlog
E:\Desktop\RecordWav\RecordWav\Debug\link.13460-mt.read.1.tlog
E:\Desktop\RecordWav\RecordWav\Debug\link.13460-mt.write.1.tlog
E:\Desktop\RecordWav\RecordWav\Debug\link.13460-rc.read.1.tlog
E:\Desktop\RecordWav\RecordWav\Debug\link.13460-rc.write.1.tlog
E:\Desktop\RecordWav\RecordWav\Debug\link.13460.read.1.tlog
E:\Desktop\RecordWav\RecordWav\Debug\link.13460.write.1.tlog
E:\Desktop\RecordWav\RecordWav\Debug\link.22736-cvtres.read.1.tlog
E:\Desktop\RecordWav\RecordWav\Debug\link.22736-cvtres.write.1.tlog
E:\Desktop\RecordWav\RecordWav\Debug\link.22736-mt.read.1.tlog
E:\Desktop\RecordWav\RecordWav\Debug\link.22736-mt.write.1.tlog
E:\Desktop\RecordWav\RecordWav\Debug\link.22736-rc.read.1.tlog
E:\Desktop\RecordWav\RecordWav\Debug\link.22736-rc.write.1.tlog
E:\Desktop\RecordWav\RecordWav\Debug\link.22736.read.1.tlog
E:\Desktop\RecordWav\RecordWav\Debug\link.22736.write.1.tlog
E:\Desktop\RecordWav\RecordWav\Debug\link.2600-cvtres.read.1.tlog
E:\Desktop\RecordWav\RecordWav\Debug\link.2600-cvtres.write.1.tlog
E:\Desktop\RecordWav\RecordWav\Debug\link.2600-mt.read.1.tlog
E:\Desktop\RecordWav\RecordWav\Debug\link.2600-mt.write.1.tlog
E:\Desktop\RecordWav\RecordWav\Debug\link.2600-rc.read.1.tlog
E:\Desktop\RecordWav\RecordWav\Debug\link.2600-rc.write.1.tlog
E:\Desktop\RecordWav\RecordWav\Debug\link.2600.read.1.tlog
E:\Desktop\RecordWav\RecordWav\Debug\link.2600.write.1.tlog
E:\Desktop\RecordWav\RecordWav\Debug\link.8280-cvtres.read.1.tlog
E:\Desktop\RecordWav\RecordWav\Debug\link.8280-cvtres.write.1.tlog
E:\Desktop\RecordWav\RecordWav\Debug\link.8280-mt.read.1.tlog
E:\Desktop\RecordWav\RecordWav\Debug\link.8280-mt.write.1.tlog
E:\Desktop\RecordWav\RecordWav\Debug\link.8280-rc.read.1.tlog
E:\Desktop\RecordWav\RecordWav\Debug\link.8280-rc.write.1.tlog
E:\Desktop\RecordWav\RecordWav\Debug\link.8280.read.1.tlog
E:\Desktop\RecordWav\RecordWav\Debug\link.8280.write.1.tlog
E:\Desktop\RecordWav\RecordWav\Debug\link.command.1.tlog
E:\Desktop\RecordWav\RecordWav\Debug\link.read.1.tlog
E:\Desktop\RecordWav\RecordWav\Debug\link.write.1.tlog
E:\Desktop\RecordWav\RecordWav\Debug\rc.command.1.tlog
E:\Desktop\RecordWav\RecordWav\Debug\rc.read.1.tlog
E:\Desktop\RecordWav\RecordWav\Debug\rc.write.1.tlog
E:\Desktop\RecordWav\RecordWav\Debug\RecordWav.res
E:\Desktop\RecordWav\RecordWav\Debug\RecordWav.pch
E:\Desktop\RecordWav\RecordWav\Debug\vc110.idb
E:\Desktop\RecordWav\RecordWav\Debug\vc110.pdb
E:\Desktop\RecordWav\Debug\RecordWav.pdb
E:\Desktop\RecordWav\Debug\RecordWav.exe
E:\Desktop\RecordWav\Debug\RecordWav.ilk
